['.DS_Store', 'TEST', 'TRAIN']
['streetcar', 'apple', 'palm_tree', 'man', 'forest', 'butterfly', 'lamp', 'wardrobe', 'pear', 'raccoon']
100
NO. of Training examples for Man: 500
['adam_s_002297.png', 'man_s_000089.png', 'adam_s_002095.png', 'abel_s_000720.png', 'man_s_002305.png']
{'streetcar': 500, 'apple': 500, 'palm_tree': 500, 'man': 500, 'forest': 500, 'butterfly': 500, 'lamp': 500, 'wardrobe': 500, 'pear': 500, 'raccoon': 500, 'crab': 500, 'tractor': 500, 'aquarium_fish': 500, 'can': 500, 'tank': 500, 'snail': 500, 'bed': 500, 'cup': 500, 'television': 500, 'turtle': 500, 'boy': 500, 'mushroom': 500, 'bee': 500, 'fox': 500, 'willow_tree': 500, 'couch': 500, 'dolphin': 500, 'cattle': 500, 'maple_tree': 500, 'plain': 500, 'bear': 500, 'bridge': 500, 'leopard': 500, 'hamster': 500, 'lawn_mower': 500, 'lobster': 500, 'camel': 500, 'tiger': 500, 'road': 500, 'whale': 500, 'motorcycle': 500, 'crocodile': 500, 'dinosaur': 500, 'chair': 500, 'bus': 500, 'plate': 500, 'otter': 500, 'rose': 500, 'seal': 500, 'telephone': 500, 'mouse': 500, 'tulip': 500, 'porcupine': 500, 'beaver': 500, 'wolf': 500, 'lizard': 500, 'flatfish': 500, 'beetle': 500, 'chimpanzee': 500, 'poppy': 500, 'bowl': 500, 'table': 500, 'shrew': 500, 'skyscraper': 500, 'kangaroo': 500, 'cloud': 500, 'girl': 500, 'worm': 500, 'train': 500, 'house': 500, 'caterpillar': 500, 'spider': 500, 'rabbit': 500, 'cockroach': 500, 'rocket': 500, 'castle': 500, 'bicycle': 500, 'baby': 500, 'mountain': 500, 'sweet_pepper': 500, 'orchid': 500, 'sea': 500, 'skunk': 500, 'oak_tree': 500, 'squirrel': 500, 'ray': 500, 'bottle': 500, 'pickup_truck': 500, 'keyboard': 500, 'lion': 500, 'clock': 500, 'trout': 500, 'orange': 500, 'woman': 500, 'shark': 500, 'sunflower': 500, 'pine_tree': 500, 'snake': 500, 'elephant': 500, 'possum': 500}
device :  cpu
(50000, 100) (50000, 100)
nan 25.452010385172134
Train Accuracy :  7.01
Train Loss :  25.452010385172134
(10000, 100) (10000, 100)
nan 25.994476736445524
Epoch [0], val_acc: 0.0663
(50000, 100) (50000, 100)
nan 25.526461607267148
Train Accuracy :  6.837999999999999
Train Loss :  25.526461607267148
(10000, 100) (10000, 100)
nan 25.994476736445524
Epoch [0], val_acc: 0.0663
(50000, 100) (50000, 100)
nan 1.8157355399559583
Train Accuracy :  95.88799999999999
Train Loss :  1.8157355399559583
(10000, 100) (10000, 100)
nan 3.859641277520111
Epoch [0], val_acc: 0.1633
(50000, 100) (50000, 100)
nan 2.3149176305813586
Train Accuracy :  86.59400000000001
Train Loss :  2.3149176305813586
(10000, 100) (10000, 100)
nan 3.7201548595000773
Epoch [0], val_acc: 0.1812
(50000, 100) (50000, 100)
nan 2.298256560489952
Train Accuracy :  88.91
Train Loss :  2.298256560489952
(10000, 100) (10000, 100)
nan 3.672987281582071
Epoch [0], val_acc: 0.1924
(50000, 100) (50000, 100)
nan 2.1691709222169657
Train Accuracy :  92.56400000000001
Train Loss :  2.1691709222169657
(10000, 100) (10000, 100)
nan 3.6404143941939315
Epoch [0], val_acc: 0.2015
(50000, 100) (50000, 100)
nan 2.291597291765975
Train Accuracy :  90.244
Train Loss :  2.291597291765975
