Computing expensive_function() ...
- Data loaded from cache-file: cache_expensive_function.pkl
result = 56088

Creating object from ExpensiveClass() ...
- Data loaded from cache-file: cache_ExpensiveClass.pkl
c = 123
d = 456
result = c * d = 56088
Data has apparently already been downloaded and unpacked.
Loading data: data/CIFAR-100/cifar-100-python/meta
Loading data: data/CIFAR-100/cifar-100-python/meta
Loading data: data/CIFAR-100/cifar-100-python/train
Loading data: data/CIFAR-100/cifar-100-python/test
Size of:
Training-set:		50000
Test-set:		10000


 RFModel_P1_n_estimators=1, max_depth= 50.rfmodel 


(50000, 100) (50000, 100)
precision_score :  0.37714
recall_score :  0.37714
f1_score :  0.37714000000000003
ll_loss :  11.642579446914775
(10000, 100) (10000, 100)
precision_score :  0.068
recall_score :  0.068
f1_score :  0.068
ll_loss :  29.81927938259919
{'test_acc': 6.800000000000001, 'train_acc': 37.714, 'test_loss': 29.81927938259919, 'train_loss': 11.642579446914775, 'test_prec_score': 0.068, 'train_prec_score': 0.37714, 'test_recall_score': 0.068, 'train_recall_score': 0.37714, 'test_f1_score': 0.068, 'train_f1_score': 0.37714000000000003, 'test_roc_auc_score': 0.5503254195959597, 'train_roc_auc_score': 0.8302019501171717, 'n_estimators': 1}


 RFModel_P1_n_estimators=5, max_depth= 50.rfmodel 


(50000, 100) (50000, 100)
precision_score :  0.7794
recall_score :  0.7794
f1_score :  0.7793999999999999
ll_loss :  1.4154599843210454
(10000, 100) (10000, 100)
precision_score :  0.1048
recall_score :  0.1048
f1_score :  0.1048
ll_loss :  19.637858373710426
{'test_acc': 10.48, 'train_acc': 77.938, 'test_loss': 19.637858373710426, 'train_loss': 1.4154599843210454, 'test_prec_score': 0.1048, 'train_prec_score': 0.7794, 'test_recall_score': 0.1048, 'train_recall_score': 0.7794, 'test_f1_score': 0.1048, 'train_f1_score': 0.7793999999999999, 'test_roc_auc_score': 0.6552067037373737, 'train_roc_auc_score': 0.9923357439535353, 'n_estimators': 5}
